SF:lib\utils\theme_provider.dart
DA:7,4
DA:9,2
DA:10,2
DA:13,2
DA:14,2
DA:15,4
DA:16,2
DA:19,2
DA:20,4
DA:21,4
DA:22,2
LF:11
LH:11
end_of_record
SF:lib\providers\forum_provider.dart
DA:9,4
DA:10,4
DA:12,2
DA:13,2
DA:16,2
DA:17,8
DA:18,2
DA:19,2
DA:23,0
DA:24,0
DA:25,0
DA:28,0
DA:32,0
DA:39,0
DA:40,0
DA:44,0
DA:45,0
DA:46,0
DA:47,0
LF:19
LH:8
end_of_record
SF:lib\services\mock_firestore_service.dart
DA:2,6
DA:4,1
DA:5,2
DA:6,1
DA:7,4
DA:8,3
DA:9,2
DA:12,2
DA:13,4
DA:16,0
DA:17,0
DA:18,0
DA:19,0
DA:20,0
DA:24,0
DA:25,0
DA:26,0
LF:17
LH:9
end_of_record
SF:lib\services\preferences_service.dart
DA:8,2
DA:9,2
DA:10,2
DA:13,2
DA:14,2
DA:15,2
DA:18,1
DA:19,1
DA:20,1
DA:23,1
DA:24,1
DA:25,1
DA:28,1
DA:29,1
DA:30,1
DA:33,1
DA:34,1
DA:35,1
LF:18
LH:18
end_of_record
SF:lib\utils\coursehub.colors.dart
DA:5,3
DA:6,3
DA:7,0
DA:8,0
DA:9,3
DA:10,0
DA:11,0
DA:14,3
DA:15,0
DA:16,0
DA:17,0
DA:18,0
DA:21,0
DA:22,0
DA:23,0
DA:26,0
DA:27,0
DA:28,0
LF:18
LH:4
end_of_record
SF:lib\utils\coursehub.styles.dart
DA:6,0
DA:7,0
DA:10,0
DA:14,0
DA:20,0
DA:26,0
DA:32,0
DA:38,0
LF:8
LH:0
end_of_record
SF:lib\utils\coursehub.themes.dart
DA:21,3
DA:23,1
DA:24,1
DA:25,1
DA:28,1
DA:29,1
DA:30,1
DA:33,1
DA:34,1
DA:35,1
DA:36,1
DA:37,1
DA:38,1
DA:42,1
DA:43,1
DA:44,1
DA:45,2
DA:47,1
DA:48,1
DA:49,2
DA:54,3
DA:56,1
DA:57,1
DA:58,1
DA:61,1
DA:62,1
DA:63,1
DA:66,1
DA:67,1
DA:68,1
DA:69,1
DA:70,1
DA:71,1
DA:75,1
DA:76,1
DA:77,1
DA:78,2
DA:80,1
DA:81,1
DA:82,2
DA:85,1
DA:86,1
DA:89,0
LF:43
LH:42
end_of_record
